step	bond_idx	atom_i	atom_j	S(t)
1000	1300	1324	1323	0.9743
1000	1374	20	19	0.9743
1000	1379	370	371	0.9743
1000	1398	872	860	0.9743
1000	1413	793	802	0.9743
1000	1445	1491	1492	0.9743
1000	1466	1282	1272	0.9743
1000	1468	711	572	0.9743
1000	1506	372	371	0.9743
1000	1510	21	162	0.9743
1000	1523	1050	923	0.9743
1000	1624	1174	1173	0.9743
1000	1635	1782	1655	0.9743
1000	1681	567	555	0.9743
1000	1731	1705	1589	0.9743
1000	1850	679	678	0.9743
2000	1338	965	964	0.9518
2000	1388	423	432	0.9518
2000	1495	564	429	0.9518
2000	1501	1542	1550	0.9518
2000	1502	1542	1541	0.9518
2000	1516	641	652	0.9518
2000	1521	1050	1176	0.9518
2000	1630	1582	1593	0.9518
2000	1655	1530	1531	0.9518
2000	1685	1290	1291	0.9518
2000	1695	204	203	0.9518
2000	1766	1487	1488	0.9518
2000	1865	1818	1817	0.9518
2000	1873	763	633	0.9518
3000	1305	266	107	0.9309
3000	1369	157	319	0.9309
3000	1383	516	371	0.9309
3000	1497	414	428	0.9309
3000	1512	435	428	0.9309
3000	1519	911	912	0.9309
3000	1568	876	998	0.9309
3000	1575	126	127	0.9309
3000	1650	1347	1346	0.9309
3000	1652	1358	1359	0.9309
3000	1734	845	725	0.9309
3000	1803	762	767	0.9309
3000	1875	609	744	0.9309
4000	1331	904	905	0.9116
4000	1368	296	285	0.9116
4000	1417	666	656	0.9116
4000	1427	1413	1262	0.9116
4000	1436	91	80	0.9116
4000	1574	126	115	0.9116
4000	1629	1559	1548	0.9116
4000	1654	1793	1781	0.9116
4000	1673	1126	1127	0.9116
4000	1741	136	135	0.9116
4000	1789	489	649	0.9116
4000	1880	1185	1184	0.9116
5000	1356	408	261	0.9003
5000	1562	287	126	0.9003
5000	1569	1125	1250	0.9003
5000	1591	332	472	0.9003
5000	1618	882	754	0.9003
5000	1659	111	272	0.9003
5000	1827	1196	1335	0.9003
6000	1323	1449	1461	0.8842
6000	1402	605	613	0.8842
6000	1645	1786	1775	0.8842
6000	1649	112	111	0.8842
6000	1670	1126	1001	0.8842
6000	1689	782	772	0.8842
6000	1710	532	521	0.8842
6000	1754	1365	1364	0.8842
6000	1768	718	595	0.8842
6000	1858	304	305	0.8842
7000	1261	1314	1315	0.8650
7000	1310	1606	1721	0.8650
7000	1332	1048	1174	0.8650
7000	1354	54	204	0.8650
7000	1377	381	234	0.8650
7000	1434	91	79	0.8650
7000	1453	385	386	0.8650
7000	1515	911	910	0.8650
7000	1541	1596	1595	0.8650
7000	1677	1506	1628	0.8650
7000	1723	348	199	0.8650
7000	1857	734	746	0.8650
8000	1298	1324	1325	0.8537
8000	1361	714	577	0.8537
8000	1403	926	915	0.8537
8000	1425	1748	1747	0.8537
8000	1675	1506	1505	0.8537
8000	1678	1750	1624	0.8537
8000	1735	845	846	0.8537
9000	1294	214	62	0.8344
9000	1333	600	455	0.8344
9000	1471	656	655	0.8344
9000	1534	1192	1204	0.8344
9000	1573	325	466	0.8344
9000	1610	247	246	0.8344
9000	1619	754	762	0.8344
9000	1620	1455	1454	0.8344
9000	1727	676	675	0.8344
9000	1740	13	4	0.8344
9000	1775	1706	1718	0.8344
9000	1796	1110	1119	0.8344
10000	1303	266	265	0.8151
10000	1327	904	914	0.8151
10000	1409	156	16	0.8151
10000	1418	1743	1619	0.8151
10000	1423	954	959	0.8151
10000	1437	80	232	0.8151
10000	1564	1719	1720	0.8151
10000	1747	1104	1231	0.8151
10000	1810	357	500	0.8151
10000	1821	628	617	0.8151
10000	1864	1103	1219	0.8151
10000	1870	490	501	0.8151
11000	1273	519	518	0.7942
11000	1319	1601	1716	0.7942
11000	1320	1623	1749	0.7942
11000	1381	502	503	0.7942
11000	1456	1188	1192	0.7942
11000	1546	528	518	0.7942
11000	1556	153	142	0.7942
11000	1603	822	697	0.7942
11000	1653	1530	1653	0.7942
11000	1733	845	716	0.7942
11000	1755	1365	1366	0.7942
11000	1786	34	46	0.7942
11000	1835	847	717	0.7942
12000	1286	1022	1147	0.7797
12000	1340	997	1007	0.7797
12000	1362	723	599	0.7797
12000	1387	397	410	0.7797
12000	1473	656	644	0.7797
12000	1518	780	789	0.7797
12000	1607	1034	1159	0.7797
12000	1720	1496	1497	0.7797
12000	1817	293	284	0.7797
13000	1272	529	519	0.7701
13000	1339	997	1122	0.7701
13000	1511	148	155	0.7701
13000	1743	877	999	0.7701
13000	1751	1522	1631	0.7701
13000	1790	480	489	0.7701
14000	1288	1022	1021	0.7556
14000	1335	600	724	0.7556
14000	1363	1156	1157	0.7556
14000	1550	356	355	0.7556
14000	1632	1713	1723	0.7556
14000	1682	700	697	0.7556
14000	1684	1290	1289	0.7556
14000	1706	1768	1640	0.7556
14000	1729	390	378	0.7556
15000	1302	266	267	0.7412
15000	1353	191	43	0.7412
15000	1412	1710	1596	0.7412
15000	1424	1076	1077	0.7412
15000	1602	836	828	0.7412
15000	1661	1391	1392	0.7412
15000	1665	37	31	0.7412
15000	1771	557	548	0.7412
15000	1845	1348	1208	0.7412
16000	1326	1297	1171	0.7363
16000	1739	13	12	0.7363
16000	1869	490	481	0.7363
17000	1262	1295	1294	0.7170
17000	1296	1324	1316	0.7170
17000	1373	171	170	0.7170
17000	1477	1566	1693	0.7170
17000	1543	815	942	0.7170
17000	1566	876	748	0.7170
17000	1664	232	243	0.7170
17000	1708	599	608	0.7170
17000	1756	475	483	0.7170
17000	1757	475	474	0.7170
17000	1770	557	556	0.7170
17000	1837	1241	1242	0.7170
18000	1280	55	65	0.7058
18000	1348	947	941	0.7058
18000	1587	1416	1424	0.7058
18000	1612	689	696	0.7058
18000	1625	1308	1307	0.7058
18000	1801	1198	1208	0.7058
18000	1832	1249	1241	0.7058
19000	1360	714	842	0.6929
19000	1371	171	183	0.6929
19000	1386	397	396	0.6929
19000	1470	831	825	0.6929
19000	1514	148	311	0.6929
19000	1585	1416	1415	0.6929
19000	1586	1415	1548	0.6929
19000	1866	1809	1795	0.6929
20000	1271	1622	1623	0.6768
20000	1336	852	844	0.6768
20000	1509	21	22	0.6768
20000	1583	498	508	0.6768
20000	1623	1303	1178	0.6768
20000	1709	614	750	0.6768
20000	1793	1732	1742	0.6768
20000	1836	603	734	0.6768
20000	1849	1654	1644	0.6768
20000	1859	304	141	0.6768
21000	1311	1484	1478	0.6624
21000	1407	25	24	0.6624
21000	1420	1743	1744	0.6624
21000	1481	1704	1703	0.6624
21000	1483	1704	1715	0.6624
21000	1537	838	829	0.6624
21000	1553	687	688	0.6624
21000	1570	325	326	0.6624
21000	1712	709	719	0.6624
22000	1265	1095	971	0.6527
22000	1347	947	948	0.6527
22000	1351	1064	1191	0.6527
22000	1451	385	384	0.6527
22000	1600	1008	1009	0.6527
22000	1663	19	28	0.6527
23000	1313	1606	1612	0.6334
23000	1375	171	160	0.6334
23000	1469	711	701	0.6334
23000	1472	665	676	0.6334
23000	1614	664	789	0.6334
23000	1633	1713	1712	0.6334
23000	1647	1538	1666	0.6334
23000	1651	1347	1358	0.6334
23000	1668	38	39	0.6334
23000	1798	1230	1103	0.6334
23000	1829	1764	1758	0.6334
23000	1834	697	546	0.6334
24000	1284	55	206	0.6238
24000	1344	1431	1442	0.6238
24000	1446	1141	1266	0.6238
24000	1476	1578	1566	0.6238
24000	1480	241	240	0.6238
24000	1697	116	277	0.6238
25000	1289	1169	1156	0.6109
25000	1292	214	226	0.6109
25000	1342	1431	1281	0.6109
25000	1504	215	216	0.6109
25000	1528	1203	1191	0.6109
25000	1639	1782	1772	0.6109
25000	1831	1270	1259	0.6109
25000	1839	1405	1250	0.6109
26000	1366	157	168	0.6029
26000	1396	681	689	0.6029
26000	1693	204	354	0.6029
26000	1815	449	448	0.6029
26000	1853	652	779	0.6029
27000	1324	1461	1460	0.5900
27000	1646	1545	1538	0.5900
27000	1648	285	286	0.5900
27000	1656	1530	1393	0.5900
27000	1700	527	526	0.5900
27000	1736	846	847	0.5900
27000	1788	489	488	0.5900
27000	1792	1732	1731	0.5900
28000	1443	613	625	0.5804
28000	1449	899	888	0.5804
28000	1590	332	178	0.5804
28000	1597	939	1059	0.5804
28000	1715	1138	1264	0.5804
28000	1848	1529	1535	0.5804
29000	1329	904	898	0.5675
29000	1394	389	390	0.5675
29000	1422	1076	957	0.5675
29000	1438	588	574	0.5675
29000	1698	116	117	0.5675
29000	1806	1073	1208	0.5675
29000	1830	1764	1765	0.5675
29000	1852	652	663	0.5675
30000	1357	408	409	0.5579
30000	1462	1472	1462	0.5579
30000	1594	658	659	0.5579
30000	1704	1478	1477	0.5579
30000	1722	485	645	0.5579
30000	1725	1057	1056	0.5579
31000	1359	714	715	0.5514
31000	1411	1451	1450	0.5514
31000	1444	1491	1500	0.5514
31000	1540	838	837	0.5514
32000	1498	402	416	0.5450
32000	1714	1178	1166	0.5450
32000	1797	1110	1111	0.5450
32000	1878	32	28	0.5450
33000	1559	1033	1043	0.5386
33000	1730	1781	1780	0.5386
33000	1752	1666	1658	0.5386
33000	1778	121	122	0.5386
34000	1429	1816	1806	0.5273
34000	1560	1033	1158	0.5273
34000	1669	959	966	0.5273
34000	1699	527	682	0.5273
34000	1772	557	419	0.5273
34000	1785	30	35	0.5273
34000	1795	1574	1696	0.5273
35000	1507	50	200	0.5177
35000	1508	60	50	0.5177
35000	1605	706	567	0.5177
35000	1627	1459	1460	0.5177
35000	1774	1190	1185	0.5177
35000	1794	1574	1562	0.5177
36000	1671	1237	1229	0.5113
36000	1746	1104	1220	0.5113
36000	1773	1191	1190	0.5113
36000	1876	609	601	0.5113
37000	1295	41	42	0.5048
37000	1513	148	139	0.5048
37000	1555	23	24	0.5048
37000	1800	1209	1199	0.5048
38000	1460	1472	1319	0.4968
38000	1465	1180	1181	0.4968
38000	1532	1680	1548	0.4968
38000	1595	795	668	0.4968
38000	1783	30	29	0.4968
39000	1268	1627	1623	0.4807
39000	1343	1293	1292	0.4807
39000	1464	1181	1310	0.4807
39000	1536	1083	963	0.4807
39000	1547	541	531	0.4807
39000	1571	325	331	0.4807
39000	1579	1438	1426	0.4807
39000	1667	37	38	0.4807
39000	1787	844	967	0.4807
39000	1818	128	293	0.4807
40000	1277	570	709	0.4727
40000	1318	1465	1452	0.4727
40000	1345	1431	1430	0.4727
40000	1724	360	348	0.4727
40000	1761	1089	1102	0.4727
41000	1283	56	57	0.4662
41000	1307	1225	1226	0.4662
41000	1328	784	658	0.4662
41000	1622	1455	1303	0.4662
42000	1490	1271	1145	0.4566
42000	1529	1689	1694	0.4566
42000	1572	47	46	0.4566
42000	1582	498	353	0.4566
42000	1763	39	40	0.4566
42000	1855	1661	1791	0.4566
43000	1281	367	356	0.4469
43000	1370	436	429	0.4469
43000	1539	839	710	0.4469
43000	1765	1497	1498	0.4469
43000	1808	357	207	0.4469
43000	1812	6	144	0.4469
44000	1301	1501	1502	0.4389
44000	1563	1719	1604	0.4389
44000	1641	292	282	0.4389
44000	1805	1094	1081	0.4389
44000	1867	1818	1810	0.4389
45000	1330	1164	1292	0.4373
46000	1282	55	56	0.4325
46000	1491	1133	1008	0.4325
46000	1634	1713	1598	0.4325
47000	1416	793	666	0.4293
47000	1599	813	686	0.4293
48000	1397	872	873	0.4277
49000	1317	1182	1174	0.4164
49000	1447	1141	1148	0.4164
49000	1479	240	251	0.4164
49000	1662	1391	1239	0.4164
49000	1679	929	928	0.4164
49000	1744	105	262	0.4164
49000	1860	781	771	0.4164
50000	1365	1156	1285	0.4100
50000	1380	381	380	0.4100
50000	1631	1709	1701	0.4100
50000	1809	357	358	0.4100
51000	1530	1694	1701	0.4068
51000	1732	1705	1717	0.4068
52000	1322	1449	1448	0.4035
52000	1392	669	668	0.4035
53000	1496	402	256	0.3939
53000	1588	428	281	0.3939
53000	1643	151	150	0.3939
53000	1750	1523	1529	0.3939
53000	1822	617	609	0.3939
53000	1862	781	790	0.3939
54000	1304	278	279	0.3875
54000	1505	382	237	0.3875
54000	1626	1582	1446	0.3875
54000	1811	6	7	0.3875
56000	1410	1451	1463	0.3826
56000	1642	291	298	0.3826
56000	1705	1768	1767	0.3826
57000	1274	529	530	0.3730
57000	1315	165	164	0.3730
57000	1382	807	798	0.3730
57000	1399	735	734	0.3730
57000	1448	899	1019	0.3730
57000	1561	432	433	0.3730
58000	1309	1225	1105	0.3650
58000	1520	912	781	0.3650
58000	1558	1033	909	0.3650
58000	1721	484	485	0.3650
58000	1767	825	952	0.3650
59000	1826	1502	1509	0.3601
59000	1851	679	804	0.3601
59000	1856	1661	1660	0.3601
60000	1415	684	676	0.3537
60000	1484	1715	1716	0.3537
60000	1784	29	24	0.3537
60000	1854	1691	1565	0.3537
61000	1489	1130	1142	0.3424
61000	1524	657	645	0.3424
61000	1545	815	692	0.3424
61000	1604	836	706	0.3424
61000	1608	1150	1151	0.3424
61000	1683	567	581	0.3424
61000	1762	39	189	0.3424
62000	1291	64	216	0.3392
62000	1503	382	383	0.3392
63000	1488	1130	1131	0.3360
63000	1861	771	763	0.3360
64000	1452	384	374	0.3296
64000	1500	1800	1812	0.3296
64000	1577	71	223	0.3296
64000	1804	1094	1222	0.3296
66000	1554	153	154	0.3264
66000	1749	1522	1523	0.3264
67000	1584	1419	1409	0.3199
67000	1615	882	869	0.3199
67000	1658	233	232	0.3199
67000	1780	999	1000	0.3199
68000	1285	206	356	0.3167
68000	1455	1193	1188	0.3167
69000	1270	1753	1626	0.3119
69000	1769	450	449	0.3119
69000	1802	1209	1210	0.3119
70000	1266	1095	1223	0.3071
70000	1385	514	503	0.3071
70000	1432	1552	1419	0.3071
71000	1660	1391	1380	0.3039
71000	1777	282	283	0.3039
72000	1299	1608	1596	0.2942
72000	1321	1749	1748	0.2942
72000	1459	1482	1488	0.2942
72000	1565	57	208	0.2942
72000	1672	1126	1117	0.2942
72000	1703	1478	1468	0.2942
73000	1467	1282	1155	0.2878
73000	1535	1192	1187	0.2878
73000	1580	1813	1812	0.2878
73000	1617	741	750	0.2878
74000	1474	644	484	0.2830
74000	1687	1151	1277	0.2830
74000	1781	999	1124	0.2830
75000	1325	1449	1297	0.2797
75000	1719	1621	1617	0.2797
76000	1312	1606	1611	0.2749
76000	1355	408	421	0.2749
76000	1759	1089	1078	0.2749
77000	1478	1698	1699	0.2685
77000	1581	1438	1439	0.2685
77000	1738	1379	1522	0.2685
77000	1872	763	897	0.2685
78000	1364	1170	1171	0.2637
78000	1450	899	764	0.2637
78000	1819	1345	1334	0.2637
79000	1341	1143	1151	0.2588
79000	1485	1704	1697	0.2588
79000	1807	1094	1093	0.2588
80000	1440	588	444	0.2540
80000	1522	1301	1292	0.2540
80000	1552	687	814	0.2540
81000	1426	1412	1413	0.2508
81000	1833	1270	1280	0.2508
82000	1492	1271	1260	0.2476
82000	1841	1445	1581	0.2476
84000	1263	1314	1304	0.2412
84000	1408	156	167	0.2412
84000	1621	1455	1590	0.2412
84000	1760	1089	1217	0.2412
85000	1486	1697	1691	0.2363
85000	1596	813	803	0.2363
85000	1776	1706	1707	0.2363
86000	1279	708	718	0.2331
86000	1538	838	839	0.2331
87000	1544	808	815	0.2299
87000	1742	750	749	0.2299
88000	1276	441	585	0.2251
88000	1548	520	374	0.2251
88000	1713	720	710	0.2251
89000	1616	882	1004	0.2219
89000	1758	475	334	0.2219
90000	1499	1542	1672	0.2203
91000	1267	1753	1754	0.2138
91000	1439	289	279	0.2138
91000	1707	1768	1776	0.2138
91000	1782	1262	1261	0.2138
92000	1657	111	101	0.2122
94000	1726	1057	1058	0.2090
94000	1863	1777	1778	0.2090
95000	1745	105	104	0.2074
96000	1404	926	925	0.2042
96000	1551	646	658	0.2042
97000	1737	1229	1375	0.2010
97000	1842	1445	1457	0.2010
98000	1557	1587	1600	0.1994
99000	1576	127	116	0.1961
99000	1598	813	812	0.1961
100000	1384	807	806	0.1929
100000	1686	1291	1440	0.1929
101000	1475	1566	1567	0.1865
101000	1493	1260	1250	0.1865
101000	1701	949	955	0.1865
101000	1753	1365	1510	0.1865
102000	1393	680	524	0.1849
103000	1840	1445	1435	0.1833
104000	1611	247	395	0.1817
106000	1334	600	592	0.1768
106000	1680	929	919	0.1768
106000	1824	1488	1333	0.1768
107000	1457	1193	1331	0.1752
111000	1337	965	1086	0.1704
111000	1428	1412	1420	0.1704
111000	1814	335	476	0.1704
112000	1533	464	470	0.1688
113000	1592	618	628	0.1672
114000	1395	680	681	0.1624
114000	1593	332	338	0.1624
114000	1718	1621	1625	0.1624
115000	1314	165	176	0.1576
115000	1352	191	190	0.1576
115000	1843	1359	1370	0.1576
116000	1350	947	946	0.1527
116000	1813	449	458	0.1527
116000	1868	1796	1795	0.1527
119000	1308	1096	1083	0.1479
119000	1825	1440	1576	0.1479
119000	1838	1241	1395	0.1479
121000	1414	793	792	0.1447
121000	1435	49	50	0.1447
122000	1578	71	82	0.1431
123000	1390	239	240	0.1415
124000	1589	119	282	0.1399
125000	1728	254	400	0.1383
126000	1358	721	711	0.1350
126000	1401	598	607	0.1350
127000	1391	680	669	0.1318
127000	1694	341	484	0.1318
128000	1421	1743	1734	0.1302
129000	1487	1130	1005	0.1254
129000	1601	836	835	0.1254
129000	1628	1582	1570	0.1254
130000	1442	465	464	0.1238
131000	1644	1545	1546	0.1222
133000	1376	160	151	0.1206
134000	1306	255	254	0.1190
135000	1666	347	348	0.1174
136000	1431	1816	1687	0.1158
137000	1674	1252	1262	0.1141
139000	1691	1399	1388	0.1125
140000	1716	1283	1294	0.1093
140000	1823	216	228	0.1093
141000	1748	1104	1112	0.1061
141000	1847	1650	1777	0.1061
142000	1264	1304	1294	0.1013
142000	1378	381	370	0.1013
142000	1877	1795	1785	0.1013
143000	1636	1665	1666	0.0997
144000	1638	1663	1654	0.0965
144000	1874	476	469	0.0965
145000	1389	397	250	0.0932
145000	1791	1732	1733	0.0932
147000	1637	1782	1794	0.0916
149000	1527	1362	1353	0.0900
150000	1458	1472	1471	0.0884
152000	1463	1462	1307	0.0852
152000	1881	1185	1186	0.0852
153000	1688	782	654	0.0820
153000	1871	135	134	0.0820
156000	1290	214	363	0.0772
156000	1346	1429	1440	0.0772
156000	1531	1689	1680	0.0772
158000	1278	441	440	0.0756
160000	1820	1345	1344	0.0740
162000	1367	157	17	0.0707
162000	1567	886	876	0.0707
164000	1275	540	541	0.0691
165000	1419	1619	1624	0.0659
165000	1525	1362	1363	0.0659
169000	1494	402	401	0.0643
170000	1405	1051	1050	0.0627
174000	1349	1060	1059	0.0611
175000	1676	1516	1506	0.0595
179000	1482	1586	1587	0.0579
180000	1316	1465	1311	0.0547
180000	1846	1529	1650	0.0547
182000	1287	1408	1416	0.0531
184000	1640	291	292	0.0514
185000	1461	1319	1307	0.0498
187000	1711	1699	1700	0.0482
190000	1542	1583	1701	0.0466
193000	1779	121	129	0.0450
196000	1717	1138	1146	0.0434
197000	1690	73	74	0.0418
203000	1799	1209	1349	0.0402
204000	1433	91	90	0.0386
206000	1517	911	780	0.0370
208000	1549	541	542	0.0305
208000	1606	1034	1044	0.0305
208000	1816	303	304	0.0305
208000	1828	1196	1197	0.0305
213000	1696	364	374	0.0289
214000	1692	1532	1399	0.0257
214000	1879	503	491	0.0257
216000	1609	247	94	0.0241
231000	1702	949	956	0.0225
238000	1844	1359	1348	0.0209
247000	1372	33	42	0.0193
252000	1406	156	166	0.0177
265000	1613	518	517	0.0161
272000	1297	1306	1460	0.0145
275000	1430	1557	1545	0.0129
285000	1882	1775	1774	0.0113
296000	1454	533	532	0.0096
301000	1269	1753	1752	0.0080
302000	1764	40	32	0.0064
303000	1441	613	612	0.0048
312000	1400	598	453	0.0032
316000	1526	1354	1502	0.0016
477000	1293	226	73	0.0000
